Using pre-set license
Built from '2020.3/staging' branch; Version is '2020.3.16f1 (049d6eca3c44) revision 302446'; Using compiler version '192528614'; Build Type 'Release'
OS: 'Windows 10 Home Single Language; OS build 19044.2006; Version 2009; 64bit' Language: 'tr' Physical Memory: 4012 MB
BatchMode: 1, IsHumanControllingUs: 0, StartBugReporterOnCrash: 0, Is64bit: 1, IsPro: 0

 COMMAND LINE ARGUMENTS:
C:\Program Files\Unity\Hub\Editor\2020.3.16f1\Editor\Unity.exe
-adb2
-batchMode
-noUpm
-name
AssetImportWorker17
-projectPath
C:/Users/Mert/Documents/Lerp Mechanic by MMK
-logFile
Logs/AssetImportWorker17.log
-srvPort
59309
Successfully changed project path to: C:/Users/Mert/Documents/Lerp Mechanic by MMK
C:/Users/Mert/Documents/Lerp Mechanic by MMK
Using Asset Import Pipeline V2.
Refreshing native plugins compatible for Editor in 130.63 ms, found 2 plugins.
Preloading 0 native plugins for Editor in 0.00 ms.
Initialize engine version: 2020.3.16f1 (049d6eca3c44)
[Subsystems] Discovering subsystems at path C:/Program Files/Unity/Hub/Editor/2020.3.16f1/Editor/Data/Resources/UnitySubsystems
[Subsystems] Discovering subsystems at path C:/Users/Mert/Documents/Lerp Mechanic by MMK/Assets
GfxDevice: creating device client; threaded=0
Direct3D:
    Version:  Direct3D 11.0 [level 11.1]
    Renderer: Intel(R) HD Graphics 520 (ID=0x1916)
    Vendor:   
    VRAM:     2006 MB
    Driver:   26.20.100.7925
Initialize mono
Mono path[0] = 'C:/Program Files/Unity/Hub/Editor/2020.3.16f1/Editor/Data/Managed'
Mono path[1] = 'C:/Program Files/Unity/Hub/Editor/2020.3.16f1/Editor/Data/MonoBleedingEdge/lib/mono/unityjit'
Mono config path = 'C:/Program Files/Unity/Hub/Editor/2020.3.16f1/Editor/Data/MonoBleedingEdge/etc'
Using monoOptions --debugger-agent=transport=dt_socket,embedding=1,server=y,suspend=n,address=127.0.0.1:56760
Begin MonoManager ReloadAssembly
Registering precompiled unity dll's ...
Register platform support module: C:/Program Files/Unity/Hub/Editor/2020.3.16f1/Editor/Data/PlaybackEngines/WindowsStandaloneSupport/UnityEditor.WindowsStandalone.Extensions.dll
Registered in 0.006732 seconds.
Native extension for WindowsStandalone target not found
Refreshing native plugins compatible for Editor in 103.95 ms, found 2 plugins.
Preloading 0 native plugins for Editor in 0.00 ms.
Mono: successfully reloaded assembly
- Completed reload, in  6.213 seconds
Domain Reload Profiling:
	ReloadAssembly (6214ms)
		BeginReloadAssembly (136ms)
			ExecutionOrderSort (0ms)
			DisableScriptedObjects (0ms)
			BackupInstance (0ms)
			ReleaseScriptingObjects (0ms)
			CreateAndSetChildDomain (2ms)
		EndReloadAssembly (1210ms)
			LoadAssemblies (130ms)
			RebuildTransferFunctionScriptingTraits (0ms)
			SetupTypeCache (391ms)
			ReleaseScriptCaches (0ms)
			RebuildScriptCaches (74ms)
			SetupLoadedEditorAssemblies (576ms)
				LogAssemblyErrors (0ms)
				InitializePlatformSupportModulesInManaged (8ms)
				SetLoadedEditorAssemblies (0ms)
				RefreshPlugins (104ms)
				BeforeProcessingInitializeOnLoad (68ms)
				ProcessInitializeOnLoadAttributes (323ms)
				ProcessInitializeOnLoadMethodAttributes (72ms)
				AfterProcessingInitializeOnLoad (0ms)
				EditorAssembliesLoaded (0ms)
			ExecutionOrderSort2 (0ms)
			AwakeInstancesAfterBackupRestoration (0ms)
Platform modules already initialized, skipping
Registering precompiled user dll's ...
Registered in 0.012057 seconds.
Begin MonoManager ReloadAssembly
Native extension for WindowsStandalone target not found
Refreshing native plugins compatible for Editor in 0.80 ms, found 2 plugins.
Preloading 0 native plugins for Editor in 0.00 ms.
Mono: successfully reloaded assembly
- Completed reload, in  4.531 seconds
Domain Reload Profiling:
	ReloadAssembly (4534ms)
		BeginReloadAssembly (682ms)
			ExecutionOrderSort (0ms)
			DisableScriptedObjects (24ms)
			BackupInstance (0ms)
			ReleaseScriptingObjects (0ms)
			CreateAndSetChildDomain (53ms)
		EndReloadAssembly (3639ms)
			LoadAssemblies (421ms)
			RebuildTransferFunctionScriptingTraits (0ms)
			SetupTypeCache (793ms)
			ReleaseScriptCaches (1ms)
			RebuildScriptCaches (100ms)
			SetupLoadedEditorAssemblies (2128ms)
				LogAssemblyErrors (0ms)
				InitializePlatformSupportModulesInManaged (13ms)
				SetLoadedEditorAssemblies (2ms)
				RefreshPlugins (1ms)
				BeforeProcessingInitializeOnLoad (432ms)
				ProcessInitializeOnLoadAttributes (1627ms)
				ProcessInitializeOnLoadMethodAttributes (22ms)
				AfterProcessingInitializeOnLoad (29ms)
				EditorAssembliesLoaded (1ms)
			ExecutionOrderSort2 (0ms)
			AwakeInstancesAfterBackupRestoration (20ms)
Platform modules already initialized, skipping
========================================================================
Worker process is ready to serve import requests
Launched and connected shader compiler UnityShaderCompiler.exe after 0.83 seconds
Refreshing native plugins compatible for Editor in 1.72 ms, found 2 plugins.
Preloading 0 native plugins for Editor in 0.00 ms.
Unloading 1407 Unused Serialized files (Serialized files now loaded: 0)
System memory in use before: 65.2 MB.
System memory in use after: 65.3 MB.

Unloading 20 unused Assets to reduce memory usage. Loaded Objects now: 1843.
Total: 277.958400 ms (FindLiveObjects: 0.503000 ms CreateObjectMapping: 0.178600 ms MarkObjects: 267.207100 ms  DeleteObjects: 10.061800 ms)

AssetImportParameters requested are different than current active one (requested -> active):
  custom:framework-win-MediaFoundation: 216162199b28c13a410421893ffa2e32 -> 
  custom:video-decoder-ogg-theora: a1e56fd34408186e4bbccfd4996cb3dc -> 
  custom:container-muxer-webm: aa71ff27fc2769a1b78a27578f13a17b -> 
  custom:container-demuxer-webm: 4f35f7cbe854078d1ac9338744f61a02 -> 
  custom:container-demuxer-ogg: 62fdf1f143b41e24485cea50d1cbac27 -> 
  custom:video-encoder-webm-vp8: eb34c28f22e8b96e1ab97ce403110664 -> 
  custom:video-decoder-webm-vp8: 9c59270c3fd7afecdb556c50c9e8de78 -> 
  custom:audio-decoder-ogg-vorbis: bf7c407c2cedff20999df2af8eb42d56 -> 
  custom:audio-encoder-webm-vorbis: bf7c407c2cedff20999df2af8eb42d56 -> 
========================================================================
Received Import Request.
  path: Assets/Plugins/Demigiant
  artifactKey: Guid(888fbd2c4a282ca42832f6bb90a3bad2) Importer(815301076,1909f56bfc062723c751e8b465ee728b)
Start importing Assets/Plugins/Demigiant using Guid(888fbd2c4a282ca42832f6bb90a3bad2) Importer(815301076,1909f56bfc062723c751e8b465ee728b)  -> (artifact id: 'ec31a855e302b949a2bcdf8871215aa9') in 0.440683 seconds 
  Import took 0.477499 seconds .

========================================================================
Received Import Request.
  Time since last request: 5756.454338 seconds.
  path: Assets/Material/plane.mat
  artifactKey: Guid(aa1ac02b4016ada478c89b8d675dd863) Importer(815301076,1909f56bfc062723c751e8b465ee728b)
Start importing Assets/Material/plane.mat using Guid(aa1ac02b4016ada478c89b8d675dd863) Importer(815301076,1909f56bfc062723c751e8b465ee728b)  -> (artifact id: '5093e173ec4be9368c02a6425c7dbbaf') in 33.887028 seconds 
  Import took 35.132286 seconds .

========================================================================
Received Import Request.
  Time since last request: 0.000649 seconds.
  path: Assets/Plugins/Demigiant/DOTween/Editor/Imgs/Header.jpg
  artifactKey: Guid(78a59ca99f8987941adb61f9e14a06a7) Importer(815301076,1909f56bfc062723c751e8b465ee728b)
Start importing Assets/Plugins/Demigiant/DOTween/Editor/Imgs/Header.jpg using Guid(78a59ca99f8987941adb61f9e14a06a7) Importer(815301076,1909f56bfc062723c751e8b465ee728b)  -> (artifact id: 'd489c87f8f444462b8c773d9ac576812') in 2.321137 seconds 
  Import took 2.440151 seconds .

========================================================================
Received Import Request.
  Time since last request: 0.000467 seconds.
  path: Assets/Plugins/Demigiant/DOTween/Editor/Imgs/Footer.png
  artifactKey: Guid(7051dba417b3d53409f2918f1ea4938d) Importer(815301076,1909f56bfc062723c751e8b465ee728b)
Start importing Assets/Plugins/Demigiant/DOTween/Editor/Imgs/Footer.png using Guid(7051dba417b3d53409f2918f1ea4938d) Importer(815301076,1909f56bfc062723c751e8b465ee728b)  -> (artifact id: '90c611381be1aa2c9bb8f9f917fed784') in 0.419673 seconds 
  Import took 0.575769 seconds .

========================================================================
Received Import Request.
  Time since last request: 0.000418 seconds.
  path: Assets/Plugins/Demigiant/DOTween/Editor/Imgs/Footer_dark.png
  artifactKey: Guid(519694efe2bb2914788b151fbd8c01f4) Importer(815301076,1909f56bfc062723c751e8b465ee728b)
Start importing Assets/Plugins/Demigiant/DOTween/Editor/Imgs/Footer_dark.png using Guid(519694efe2bb2914788b151fbd8c01f4) Importer(815301076,1909f56bfc062723c751e8b465ee728b)  -> (artifact id: 'dd44845e604df907e7d39288d13cb467') in 0.193303 seconds 
  Import took 0.248719 seconds .

========================================================================
Received Import Request.
  Time since last request: 0.000375 seconds.
  path: Assets/Plugins/Demigiant/DOTween/Editor/Imgs/DOTweenIcon.png
  artifactKey: Guid(8da095e39e9b4df488dfd436f81116d6) Importer(815301076,1909f56bfc062723c751e8b465ee728b)
Start importing Assets/Plugins/Demigiant/DOTween/Editor/Imgs/DOTweenIcon.png using Guid(8da095e39e9b4df488dfd436f81116d6) Importer(815301076,1909f56bfc062723c751e8b465ee728b)  -> (artifact id: '2388a4dbfaeb84b0169f4f3cffc27af4') in 0.153751 seconds 
  Import took 0.170835 seconds .

========================================================================
Received Import Request.
  Time since last request: 0.000341 seconds.
  path: Assets/Plugins/Demigiant/DOTween/Editor/Imgs/DOTweenMiniIcon.png
  artifactKey: Guid(61521df2e071645488ba3d05e49289ae) Importer(815301076,1909f56bfc062723c751e8b465ee728b)
Start importing Assets/Plugins/Demigiant/DOTween/Editor/Imgs/DOTweenMiniIcon.png using Guid(61521df2e071645488ba3d05e49289ae) Importer(815301076,1909f56bfc062723c751e8b465ee728b)  -> (artifact id: '7e2be61e2c8a6564828c915b3d9f8f2b') in 0.178448 seconds 
  Import took 0.182640 seconds .

========================================================================
Received Import Request.
  Time since last request: 27.964303 seconds.
  path: Assets/Material
  artifactKey: Guid(be8c3aa8a2bc761429baf8b64fd4724a) Importer(815301076,1909f56bfc062723c751e8b465ee728b)
Start importing Assets/Material using Guid(be8c3aa8a2bc761429baf8b64fd4724a) Importer(815301076,1909f56bfc062723c751e8b465ee728b)  -> (artifact id: 'e8dae00c4b9461105c7d8bba74e7adb7') in 0.076572 seconds 
  Import took 0.202274 seconds .

========================================================================
Received Import Request.
  Time since last request: 5.335163 seconds.
  path: Assets/Material/New Material.mat
  artifactKey: Guid(d500519555ddab84e879a39d2ffbfd1c) Importer(815301076,1909f56bfc062723c751e8b465ee728b)
Start importing Assets/Material/New Material.mat using Guid(d500519555ddab84e879a39d2ffbfd1c) Importer(815301076,1909f56bfc062723c751e8b465ee728b)  -> (artifact id: '9e338bc3274448b8870ef96563ba9e33') in 0.040831 seconds 
  Import took 0.072603 seconds .

========================================================================
Received Import Request.
  Time since last request: 76.328987 seconds.
  path: Assets/Material/New Material.mat
  artifactKey: Guid(d500519555ddab84e879a39d2ffbfd1c) Importer(815301076,1909f56bfc062723c751e8b465ee728b)
Start importing Assets/Material/New Material.mat using Guid(d500519555ddab84e879a39d2ffbfd1c) Importer(815301076,1909f56bfc062723c751e8b465ee728b)  -> (artifact id: 'c630555f070c97bc98e6e19725484c39') in 0.309074 seconds 
  Import took 0.329982 seconds .

========================================================================
Received Import Request.
  Time since last request: 0.000677 seconds.
  path: Assets/Material/plane.mat
  artifactKey: Guid(aa1ac02b4016ada478c89b8d675dd863) Importer(815301076,1909f56bfc062723c751e8b465ee728b)
Start importing Assets/Material/plane.mat using Guid(aa1ac02b4016ada478c89b8d675dd863) Importer(815301076,1909f56bfc062723c751e8b465ee728b)  -> (artifact id: 'e49e749527bfb552cf84cfe715038acc') in 0.734747 seconds 
  Import took 0.785203 seconds .

========================================================================
Received Import Request.
  Time since last request: 110.361953 seconds.
  path: Assets
  artifactKey: Guid(00000000000000001000000000000000) Importer(815301076,1909f56bfc062723c751e8b465ee728b)
Start importing Assets using Guid(00000000000000001000000000000000) Importer(815301076,1909f56bfc062723c751e8b465ee728b)  -> (artifact id: '42d402b061de3733987d63b9cc3b64de') in 0.081338 seconds 
  Import took 0.120283 seconds .

========================================================================
Received Import Request.
  Time since last request: 6.885992 seconds.
  path: Assets/Script
  artifactKey: Guid(4059f24bb1796cb46b5457ecadc84938) Importer(815301076,1909f56bfc062723c751e8b465ee728b)
Start importing Assets/Script using Guid(4059f24bb1796cb46b5457ecadc84938) Importer(815301076,1909f56bfc062723c751e8b465ee728b)  -> (artifact id: 'c38569e7e7cb60c861627c2ace3af89b') in 0.039306 seconds 
  Import took 0.069979 seconds .

========================================================================
Received Import Request.
  Time since last request: 18.775073 seconds.
  path: Assets/Script/Lerp.cs
  artifactKey: Guid(9daad37abb27cf2409ee3ff2681ef880) Importer(815301076,1909f56bfc062723c751e8b465ee728b)
Start importing Assets/Script/Lerp.cs using Guid(9daad37abb27cf2409ee3ff2681ef880) Importer(815301076,1909f56bfc062723c751e8b465ee728b)  -> (artifact id: '703da79e816ae98b1f54f62bc4bf1f26') in 1.329108 seconds 
  Import took 1.389413 seconds .

========================================================================
Received Prepare
Registering precompiled user dll's ...
Registered in 0.616387 seconds.
Begin MonoManager ReloadAssembly
Native extension for WindowsStandalone target not found
Refreshing native plugins compatible for Editor in 118.11 ms, found 2 plugins.
Preloading 0 native plugins for Editor in 0.00 ms.
Mono: successfully reloaded assembly
- Completed reload, in 206.722 seconds
Domain Reload Profiling:
	ReloadAssembly (207132ms)
		BeginReloadAssembly (172412ms)
			ExecutionOrderSort (348ms)
			DisableScriptedObjects (10273ms)
			BackupInstance (0ms)
			ReleaseScriptingObjects (0ms)
			CreateAndSetChildDomain (138868ms)
		EndReloadAssembly (32818ms)
			LoadAssemblies (9557ms)
			RebuildTransferFunctionScriptingTraits (156ms)
			SetupTypeCache (8574ms)
			ReleaseScriptCaches (2ms)
			RebuildScriptCaches (1170ms)
			SetupLoadedEditorAssemblies (12839ms)
				LogAssemblyErrors (0ms)
				InitializePlatformSupportModulesInManaged (965ms)
				SetLoadedEditorAssemblies (249ms)
				RefreshPlugins (118ms)
				BeforeProcessingInitializeOnLoad (2187ms)
				ProcessInitializeOnLoadAttributes (9299ms)
				ProcessInitializeOnLoadMethodAttributes (7ms)
				AfterProcessingInitializeOnLoad (12ms)
				EditorAssembliesLoaded (0ms)
			ExecutionOrderSort2 (0ms)
			AwakeInstancesAfterBackupRestoration (169ms)
Platform modules already initialized, skipping
Refreshing native plugins compatible for Editor in 0.53 ms, found 2 plugins.
Preloading 0 native plugins for Editor in 0.00 ms.
Unloading 1402 Unused Serialized files (Serialized files now loaded: 0)
System memory in use before: 68.4 MB.
System memory in use after: 68.5 MB.

Unloading 15 unused Assets to reduce memory usage. Loaded Objects now: 1891.
Total: 776.753500 ms (FindLiveObjects: 187.321300 ms CreateObjectMapping: 0.158600 ms MarkObjects: 589.219500 ms  DeleteObjects: 0.050300 ms)

AssetImportParameters requested are different than current active one (requested -> active):
  custom:framework-win-MediaFoundation: 216162199b28c13a410421893ffa2e32 -> 
  custom:video-decoder-ogg-theora: a1e56fd34408186e4bbccfd4996cb3dc -> 
  custom:container-muxer-webm: aa71ff27fc2769a1b78a27578f13a17b -> 
  custom:container-demuxer-webm: 4f35f7cbe854078d1ac9338744f61a02 -> 
  custom:container-demuxer-ogg: 62fdf1f143b41e24485cea50d1cbac27 -> 
  custom:video-encoder-webm-vp8: eb34c28f22e8b96e1ab97ce403110664 -> 
  custom:video-decoder-webm-vp8: 9c59270c3fd7afecdb556c50c9e8de78 -> 
  custom:audio-decoder-ogg-vorbis: bf7c407c2cedff20999df2af8eb42d56 -> 
  custom:audio-encoder-webm-vorbis: bf7c407c2cedff20999df2af8eb42d56 -> 
